==========================================
Downloading All 2024 TCGCSV Daily Archives
==========================================


=== Month 2024-03 ===
⏭ Skip 2024-03-01 (already have it)
⏭ Skip 2024-03-02 (already have it)
⏭ Skip 2024-03-03 (already have it)
⏭ Skip 2024-03-04 (already have it)
⏭ Skip 2024-03-05 (already have it)
⏭ Skip 2024-03-06 (already have it)
⏭ Skip 2024-03-07 (already have it)
⏭ Skip 2024-03-08 (already have it)
⏭ Skip 2024-03✓ Downloaded 2024-03-11
✓ Downloaded 2024-03-12
✓ Downloaded 2024-03-13
⏭ Skip 2024-03-14 (already have it)
✓ Downloaded 2024-03-15
⏭ Skip 2024-03-16 (already have it)
✓ Downloaded 2024-03-17
⏭ Skip 2024-03-18 (already have it)
✓ Downloaded 2024-03-19
✓ Downloaded 2024-03-20
✓ Downloaded 2024-03-21
✓ Downloaded 2024-03-22
⏭ Skip 2024-03-23 (already have it)
✓ Downloaded 2024-03-24
⏭ Skip 2024-03-25 (already have it)
✓ Downloaded 2024-03-26
✓ Downloaded 2024-03-27
⏭ Skip 2024-03-28 (already have it)
✓ Downloaded 2024-03-29
⏭ Skip 2024-03-30 (already have it)
✓ Downloaded 2024-03-31
Progress so far: Downloaded=19, Skipped=12, Failed=0

=== Month 2024-04 ===
⏭ Skip 2024-04-01 (already have it)
✓ Downloaded 2024-04-02
⏭ Skip 2024-04-03 (already have it)
✓ Downloaded 2024-04-04
⏭ Skip 2024-04-05 (already have it)
✓ Downloaded 2024-04-06
⏭ Skip 2024-04-07 (already have it)
✓ Downloaded 2024-04-08
⏭ Skip 2024-04-09 (already have it)
✓ Downloaded 2024-04-10
⏭ Skip 2024-04-11 (already have it)
✓ Downloaded 2024-04-12
⏭ Skip 2024-04-13 (already have it)
✓ Downloaded 2024-04-14
⏭ Skip 2024-04-15 (already have it)
✓ Downloaded 2024-04-16
✓ Downloaded 2024-04-17
⏭ Skip 2024-04-18 (already have it)
✓ Downloaded 2024-04-19
⏭ Skip 2024-04-20 (already have it)
✓ Downloaded 2024-04-21
⏭ Skip 2024-04-22 (already have it)
✓ Downloaded 2024-04-23
⏭ Skip 2024-04-24 (already have it)
✓ Downloaded 2024-04-25
⏭ Skip 2024-04-26 (already have it)
✓ Downloaded 2024-04-27
⏭ Skip 2024-04-28 (already have it)
d 2024-04-26
⏭ Skip 2024-04-27 (already have it)
✓ Downloaded 2024-04-28
⏭ Skip 2024-04-29 (already have it)
✓ Downloaded 2024-04-30
Progress so far: Downloaded=27, Skipped=33, Failed=1

=== Month 2024-05 ===
⏭ Skip 2024-05-01 (already have it)
✓ Downloaded 2024-05-02
✓ Downloaded 2024-05-03
✓ Downloaded 2024-05-04
✓ Downloaded 2024-05-05
✓ Downloaded 2024-05-06
✓ Downloaded 2024-05-07
✓ Downloaded 2024-05-08
✓ Downloaded 2024-05-09
✓ Downloaded 2024-05-10
✓ Downloaded 2024-05-11
✓ Downloaded 2024-05-12
✓ Downloaded 2024-05-13
✓ Downloaded 2024-05-14
✓ Downloaded 2024-05-15
✓ Downloaded 2024-05-16
✓ Downloaded 2024-05-17
✓ Downloaded 2024-05-18
✓ Downloaded 2024-05-19
✓ Downloaded 2024-05-20
✓ Downloaded 2024-05-21
✓ Downloaded 2024-05-22
✓ Downloaded 2024-05-23
✓ Downloaded 2024-05-24
✓ Downloaded 2024-05-25
✓ Downloaded 2024-05-26
✓ Downloaded 2024-05-27
✓ Downloaded 2024-05-28
✓ Downloaded 2024-05-29
✓ Downloaded 2024-05-30
✓ Downloaded 2024-05-31
Progress so far: Downloaded=57, Skipped=34, Failed=1

=== Month 2024-06 ===
✓ Downloaded 2024-06-01
✓ Downloaded 2024-06-02
✓ Downloaded 2024-06-03
✓ Downloaded 2024-06-04
✓ Downloaded 2024-06-05
✓ Downloaded 2024-06-06
✓ Downloaded 2024-06-07
✓ Downloaded 2024-06-08
✓ Downloaded 2024-06-09
✓ Downloaded 2024-06-10
⏭ Skip 2024-06-11 (already have it)
✓ Downloaded 2024-06-12
✓ Downloaded 2024-06-13
✓ Downloaded 2024-06-14
✓ Downloaded 2024-06-15
✓ Downloaded 2024-06-16
✓ Downloaded 2024-06-17
✓ Downloaded 2024-06-18
✓ Downloaded 2024-06-19
✓ Downloaded 2024-06-20
✓ Downloaded 2024-06-21
✓ Downloaded 2024-06-22
✓ Downloaded 2024-06-23
✓ Downloaded 2024-06-24
✓ Downloaded 2024-06-25
✓ Downloaded 2024-06-26
✓ Downloaded 2024-06-27
✓ Downloaded 2024-06-28
✓ Downloaded 2024-06-29
✓ Downloaded 2024-06-30
Progress so far: Downloaded=86, Skipped=35, Failed=1

=== Month 2024-07 ===
⏭ Skip 2024-07-01 (already have it)
✓ Downloaded 2024-07-02
✓ Downloaded 2024-07-03
✓ Downloaded 2024-07-04
✓ Downloaded 2024-07-05
✓ Downloaded 2024-07-06
✓ Downloaded 2024-07-07
✓ Downloaded 2024-07-08
✓ Downloaded 2024-07-09
✓ Downloaded 2024-07-10
✓ Downloaded 2024-07-11
✓ Downloaded 2024-07-12
✓ Downloaded 2024-07-13
✓ Downloaded 2024-07-14
✓ Downloaded 2024-07-15
✓ Downloaded 2024-07-16
✓ Downloaded 2024-07-17
✓ Downloaded 2024-07-18
✓ Downloaded 2024-07-19
✓ Downloaded 2024-07-20
✓ Downloaded 2024-07-21
✓ Downloaded 2024-07-22
✓ Downloaded 2024-07-23
✓ Downloaded 2024-07-24
✓ Downloaded 2024-07-25
✓ Downloaded 2024-07-26
✓ Downloaded 2024-07-27
✓ Downloaded 2024-07-28
✓ Downloaded 2024-07-29
✓ Downloaded 2024-07-30
✓ Downloaded 2024-07-31
Progress so far: Downloaded=116, Skipped=36, Failed=1

=== Month 2024-08 ===
✓ Downloaded 2024-08-01
✓ Downloaded 2024-08-02
✓ Downloaded 2024-08-03
✓ Downloaded 2024-08-04
✓ Downloaded 2024-08-05
✓ Downloaded 2024-08-06
✓ Downloaded 2024-08-07
✓ Downloaded 2024-08-08
✓ Downloaded 2024-08-09
✓ Downloaded 2024-08-10
✓ Downloaded 2024-08-11
✓ Downloaded 2024-08-12
✓ Downloaded 2024-08-13
✓ Downloaded 2024-08-14
✓ Downloaded 2024-08-15
✓ Downloaded 2024-08-16
✓ Downloaded 2024-08-17
✓ Downloaded 2024-08-18
✓ Downloaded 2024-08-19
✓ Downloaded 2024-08-20
✓ Downloaded 2024-08-21
✓ Downloaded 2024-08-22
✓ Downloaded 2024-08-23
✓ Downloaded 2024-08-24
✓ Downloaded 2024-08-25
✓ Downloaded 2024-08-26
✓ Downloaded 2024-08-27
✓ Downloaded 2024-08-28
✓ Downloaded 2024-08-29
✓ Downloaded 2024-08-30
✓ Downloaded 2024-08-31
Progress so far: Downloaded=147, Skipped=36, Failed=1

=== Month 2024-09 ===
⏭ Skip 2024-09-01 (already have it)
✓ Downloaded 2024-09-02
✓ Downloaded 2024-09-03
✓ Downloaded 2024-09-04
✓ Downloaded 2024-09-05
✓ Downloaded 2024-09-06
✓ Downloaded 2024-09-07
✓ Downloaded 2024-09-08
✓ Downloaded 2024-09-09
✓ Downloaded 2024-09-10
✓ Downloaded 2024-09-11
✓ Downloaded 2024-09-12
✓ Downloaded 2024-09-13
✓ Downloaded 2024-09-14
✓ Downloaded 2024-09-15
✓ Downloaded 2024-09-16
✓ Downloaded 2024-09-17
✓ Downloaded 2024-09-18
✓ Downloaded 2024-09-19
✓ Downloaded 2024-09-20
✓ Downloaded 2024-09-21
✓ Downloaded 2024-09-22
✓ Downloaded 2024-09-23
✓ Downloaded 2024-09-24
✓ Downloaded 2024-09-25
✓ Downloaded 2024-09-26
✓ Downloaded 2024-09-27
✓ Downloaded 2024-09-28
✓ Downloaded 2024-09-29
✓ Downloaded 2024-09-30
Progress so far: Downloaded=176, Skipped=37, Failed=1

=== Month 2024-10 ===
⏭ Skip 2024-10-01 (already have it)
✓ Downloaded 2024-10-02
✓ Downloaded 2024-10-03
✓ Downloaded 2024-10-04
✓ Downloaded 2024-10-05
✓ Downloaded 2024-10-06
✓ Downloaded 2024-10-07
✓ Downloaded 2024-10-08
✓ Downloaded 2024-10-09
✓ Downloaded 2024-10-10
✓ Downloaded 2024-10-11
✓ Downloaded 2024-10-12
✓ Downloaded 2024-10-13
✓ Downloaded 2024-10-14
✓ Downloaded 2024-10-15
✓ Downloaded 2024-10-16
✓ Downloaded 2024-10-17
✓ Downloaded 2024-10-18
✓ Downloaded 2024-10-19
✓ Downloaded 2024-10-20
✓ Downloaded 2024-10-21
✓ Downloaded 2024-10-22
✓ Downloaded 2024-10-23
✓ Downloaded 2024-10-24
✓ Downloaded 2024-10-25
✓ Downloaded 2024-10-26
✓ Downloaded 2024-10-27
✓ Downloaded 2024-10-28
⏭ Skip 2024-10-29 (already have it)
✓ Downloaded 2024-10-30
✓ Downloaded 2024-10-31
Progress so far: Downloaded=205, Skipped=39, Failed=1

=== Month 2024-11 ===
✓ Downloaded 2024-11-01
✓ Downloaded 2024-11-02
✓ Downloaded 2024-11-03
✓ Downloaded 2024-11-04
✓ Downloaded 2024-11-05
✓ Downloaded 2024-11-06
✓ Downloaded 2024-11-07
✓ Downloaded 2024-11-08
✓ Downloaded 2024-11-09
✓ Downloaded 2024-11-10
✓ Downloaded 2024-11-11
✓ Downloaded 2024-11-12
✓ Downloaded 2024-11-13
✓ Downloaded 2024-11-14
✓ Downloaded 2024-11-15
✓ Downloaded 2024-11-16
✓ Downloaded 2024-11-17
✓ Downloaded 2024-11-18
✓ Downloaded 2024-11-19
✓ Downloaded 2024-11-20
✓ Downloaded 2024-11-21
✓ Downloaded 2024-11-22
✓ Downloaded 2024-11-23
✓ Downloaded 2024-11-24
✓ Downloaded 2024-11-25
✓ Downloaded 2024-11-26
✓ Downloaded 2024-11-27
✓ Downloaded 2024-11-28
✓ Downloaded 2024-11-29
✓ Downloaded 2024-11-30
Progress so far: Downloaded=235, Skipped=39, Failed=1

=== Month 2024-12 ===
✓ Downloaded 2024-12-01
✓ Downloaded 2024-12-02
✓ Downloaded 2024-12-03
✓ Downloaded 2024-12-04
✓ Downloaded 2024-12-05
✓ Downloaded 2024-12-06
✓ Downloaded 2024-12-07
✓ Downloaded 2024-12-08
✓ Downloaded 2024-12-09
✓ Downloaded 2024-12-10
✓ Downloaded 2024-12-11
✓ Downloaded 2024-12-12
✓ Downloaded 2024-12-13
✓ Downloaded 2024-12-14
✓ Downloaded 2024-12-15
✓ Downloaded 2024-12-16
✓ Downloaded 2024-12-17
✓ Downloaded 2024-12-18
✓ Downloaded 2024-12-19
✓ Downloaded 2024-12-20
✓ Downloaded 2024-12-21
✓ Downloaded 2024-12-22
✓ Downloaded 2024-12-23
✓ Downloaded 2024-12-24
✓ Downloaded 2024-12-25
✓ Downloaded 2024-12-26
✓ Downloaded 2024-12-27
✓ Downloaded 2024-12-28
✓ Downloaded 2024-12-29
✓ Downloaded 2024-12-30
✓ Downloaded 2024-12-31
Progress so far: Downloaded=266, Skipped=39, Failed=1

==========================================
Download Complete!
==========================================

Final Summary:
  ✓ Downloaded: 266
  ⏭ Skipped: 39
  ✗ Failed/Missing: 1

Total archives available: 307

Disk usage:
24G	.

==========================================
Next: Process all archives to generate history files
  cd /home/ubuntu/cards-database
  export PATH="$HOME/.bun/bin:$PATH"
  bun run processTCGCSV.ts
==========================================
