
[0;34m===================================================[0m
[0;34mStarting TCGPlayer Daily Update[0m
[0;34m===================================================[0m

[0;32m[INFO][0m 2025-11-09 01:42:28 - Checking last update time...
[0;32m[INFO][0m 2025-11-09 01:42:28 - Last update: 2025-11-02T16:38:09.790Z (153 hours ago)

[0;34m===================================================[0m
[0;34mStep 1: Downloading TCGPlayer Metadata[0m
[0;34m===================================================[0m

[0;32m[INFO][0m 2025-11-09 01:42:28 - Running download-products.js...
TCGPlayer Products Downloader
=============================

Downloading products for all categories (1-89)

Target directory: /home/ubuntu/cards-database/scripts/tcgcsv/product

Resuming from progress: 0 categories completed


=== Category 1 ===
  Found 437 groups
    â­ï¸  24496 - Commander: Teenage Mutant Ninja Turtles - already exists
    â­ï¸  24495 - Teenage Mutant Ninja Turtles - already exists
    â­ï¸  24497 - Teenage Mutant Ninja Turtles Eternal-Legal - already exists
    â­ï¸  24462 - Art Series: Lorwyn Eclipsed - already exists
    â­ï¸  24464 - Commander: Lorwyn Eclipsed - already exists
    â­ï¸  24463 - Lorwyn Eclipsed - already exists
    â­ï¸  24465 - Promo Pack: Lorwyn Eclipsed - already exists
    â­ï¸  24527 - Art Series: Avatar: The Last Airbender - already exists
    â­ï¸  24421 - Avatar: The Last Airbender - already exists
    â­ï¸  24422 - Avatar: The Last Airbender: Eternal-Legal - already exists
    â­ï¸  24424 - Art Series: Marvel's Spider-Man - already exists
    â­ï¸  24432 - Marvel Universe Eternal-Legal - already exists
    â­ï¸  24245 - Marvel's Spider-Man - already exists
    â­ï¸  24246 - Marvel's Spider-Man: Eternal-Legal - already exists
    â­ï¸  24377 - Art Series: Edge of Eternities - already exists
    â­ï¸  24236 - Commander: Edge of Eternities - already exists
    â­ï¸  24233 - Edge of Eternities - already exists
    â­ï¸  24361 - Edge of Eternities: Stellar Sights - already exists
    â­ï¸  24376 - Promo Pack: Edge of Eternities - already exists
    â­ï¸  24341 - Art Series: FINAL FANTASY - already exists
    â­ï¸  24220 - Commander: FINAL FANTASY - already exists
    â­ï¸  24219 - FINAL FANTASY - already exists
    â­ï¸  24226 - FINAL FANTASY: Through the Ages - already exists
    â­ï¸  24274 - Art Series: Tarkir: Dragonstorm - already exists
    â­ï¸  24234 - Commander: Tarkir: Dragonstorm - already exists
    â­ï¸  24267 - Promo Pack: Tarkir: Dragonstorm - already exists
    â­ï¸  24232 - Tarkir: Dragonstorm - already exists
    â­ï¸  23874 - Aetherdrift - already exists
    â­ï¸  24097 - Art Series: Aetherdrift - already exists
    â­ï¸  23929 - Commander: Aetherdrift - already exists
    â­ï¸  23930 - Promo Pack: Aetherdrift - already exists
    â­ï¸  24067 - Art Series: Innistrad Remastered - already exists
    â­ï¸  23848 - Innistrad Remastered - already exists
    â­ï¸  23816 - Art Series: Foundations - already exists
    â­ï¸  23814 - Commander: Foundations - already exists
    â­ï¸  23556 - Foundations - already exists
    â­ï¸  23792 - Foundations Jumpstart - already exists
    â­ï¸  23580 - Mystery Booster 2 - already exists
    â­ï¸  23591 - Mystery Booster 2 Playtest Cards - already exists
    â­ï¸  23752 - Archenemy: Duskmourn - already exists
    â­ï¸  23749 - Art Series: Duskmourn: House of Horror - already exists
    â­ï¸  23551 - Commander: Duskmourn: House of Horror - already exists
    â­ï¸  23550 - Duskmourn: House of Horror - already exists
    â­ï¸  23735 - Promo Pack: Duskmourn: House of Horror - already exists
    â­ï¸  23569 - Art Series: Bloomburrow - already exists
    â­ï¸  23447 - Bloomburrow - already exists
    â­ï¸  23448 - Commander: Bloomburrow - already exists
    â­ï¸  23560 - Promo Pack: Bloomburrow - already exists
    â­ï¸  23542 - Art Series: Universes Beyond: Assassin's Creed - already exists
    â­ï¸  23446 - Universes Beyond: Assassin's Creed - already exists
    â­ï¸  23533 - Art Series: Modern Horizons 3 - already exists
    â­ï¸  23445 - Commander: Modern Horizons 3 - already exists
    â­ï¸  23444 - Modern Horizons 3 - already exists
    â­ï¸  23497 - Art Series: Outlaws of Thunder Junction - already exists
    â­ï¸  23440 - Commander: Outlaws of Thunder Junction - already exists
    â­ï¸  23439 - Outlaws of Thunder Junction - already exists
    â­ï¸  23498 - Promo Pack: Outlaws of Thunder Junction - already exists
    â­ï¸  23442 - Outlaws of Thunder Junction: Breaking News - already exists
    â­ï¸  23443 - Outlaws of Thunder Junction: The Big Score - already exists
    â­ï¸  23337 - Universes Beyond: Fallout - already exists
    â­ï¸  23362 - Ravnica: Clue Edition - already exists
    â­ï¸  23421 - Art Series: Murders at Karlov Manor - already exists
    â­ï¸  23363 - Commander: Murders at Karlov Manor - already exists
    â­ï¸  23361 - Murders at Karlov Manor - already exists
    â­ï¸  23420 - Promo Pack: Murders at Karlov Manor - already exists
    â­ï¸  23319 - Ravnica Remastered - already exists
    â­ï¸  23345 - Art Series: The Lost Caverns of Ixalan - already exists
    â­ï¸  23316 - Commander: The Lost Caverns of Ixalan - already exists
    â­ï¸  23342 - Promo Pack: The Lost Caverns of Ixalan - already exists
    â­ï¸  23312 - The Lost Caverns of Ixalan - already exists
    â­ï¸  23318 - Special Guests - already exists
    â­ï¸  23317 - Universes Beyond: Jurassic World Collection - already exists
    â­ï¸  23166 - Planechase: Universes Beyond: Doctor Who - already exists
    â­ï¸  23165 - Universes Beyond: Doctor Who - already exists
    â­ï¸  23288 - Art Series: Wilds of Eldraine - already exists
    â­ï¸  23164 - Commander: Wilds of Eldraine - already exists
    â­ï¸  23224 - Promo Pack: Wilds of Eldraine - already exists
    â­ï¸  23163 - Wilds of Eldraine - already exists
    âœ“ 23273 - Wilds of Eldraine: Enchanting Tales (103 products)
    âœ“ 23020 - Commander Masters (1386 products)
    âœ“ 23270 - Art Series: Commander Masters (162 products)
    âœ“ 23223 - Art Series: Universes Beyond: The Lord of the Rings: Tales of Middle-earth (186 products)
    âœ“ 23071 - Commander: The Lord of the Rings: Tales of Middle-earth (618 products)
    âœ“ 23019 - Universes Beyond: The Lord of the Rings: Tales of Middle-earth (975 products)
    âœ“ 22876 - March of the Machine: The Aftermath (236 products)
    âœ“ 23167 - Secret Lair Commander: From Cute to Brute (undefined products)
    âœ“ 23102 - Art Series: March of the Machine (162 products)
    âœ“ 22979 - Commander: March of the Machine (441 products)
    âœ“ 22989 - March of the Machine: Multiverse Legends (262 products)
    âœ“ 23109 - Planechase: March of the Machine (50 products)
    âœ“ 23099 - Promo Pack: March of the Machine (60 products)
    âœ“ 22875 - March of the Machine (520 products)
    âœ“ 23025 - Un-Known Event Playtest Cards (352 products)
    âœ“ 22970 - Secret Lair Showdown (42 products)
    âœ“ 22933 - Art Series: Phyrexia: All Will Be One (162 products)
    âœ“ 22922 - Promo Pack: Phyrexia: All Will Be One (86 products)
    âœ“ 17685 - Commander: Phyrexia: All Will Be One (193 products)
    âœ“ 17684 - Phyrexia: All Will Be One (558 products)
    âœ“ 17670 - Dominaria Remastered (516 products)
    âœ“ 3185 - Jumpstart 2022 (883 products)
    âœ“ 17662 - Starter Commander Decks (388 products)
    âœ“ 17667 - Secret Lair Countdown Kit (87 products)
    âœ“ 17666 - 30th Anniversary Edition (612 products)
    âœ“ 3158 - Art Series: The Brothers' War (162 products)
    âœ“ 3159 - Commander: The Brothers' War (231 products)
    âœ“ 3160 - Promo Pack: The Brothers' War (89 products)
    âœ“ 3157 - The Brothers' War (439 products)
    âœ“ 17665 - The Brothers' War: Retro Frame Artifacts (189 products)
    âœ“ 17664 - Universes Beyond: Transformers (31 products)
    âœ“ 3129 - Magic Game Night: Free-For-All (144 products)
    âœ“ 3079 - Universes Beyond: Warhammer 40,000 (660 products)
    âœ“ 3100 - Secret Lair Commander: Heads I Win, Tails You Lose (undefined products)
    âœ“ 3175 - Art Series: Dominaria United (162 products)
    âœ“ 3140 - Commander: Dominaria United (268 products)
    âœ“ 3102 - Dominaria United (529 products)
    âœ“ 3169 - Promo Pack: Dominaria United (97 products)
    âœ“ 3178 - 30th Anniversary Promos (43 products)
    âœ“ 2958 - Unfinity (742 products)
    âœ“ 3070 - Double Masters 2022 (669 products)
    âœ“ 3048 - Art Series: Commander Legends: Battle for Baldur's Gate (162 products)
    âœ“ 3047 - Commander Legends: Battle for Baldur's Gate (1020 products)
    âœ“ 3032 - Art Series: Streets of New Capenna (162 products)
    âœ“ 3031 - Commander: Streets of New Capenna (494 products)
    âœ“ 3026 - Streets of New Capenna (566 products)
    âœ“ 3033 - Promo Pack: Streets of New Capenna (160 products)
    âœ“ 3054 - SLX Cards (30 products)
    âœ“ 2966 - Art Series: Kamigawa: Neon Dynasty (162 products)
    âœ“ 2967 - Commander: Kamigawa: Neon Dynasty (198 products)
    âœ“ 2965 - Kamigawa: Neon Dynasty (589 products)
    âœ“ 2968 - Promo Pack: Kamigawa: Neon Dynasty (81 products)
    âœ“ 2942 - Innistrad: Double Feature (537 products)
    âœ“ 2905 - Commander Collection: Black (11 products)
    âœ“ 2898 - Art Series: Innistrad: Crimson Vow (162 products)
    âœ“ 2900 - Commander: Innistrad: Crimson Vow (200 products)
    âœ“ 2862 - Innistrad: Crimson Vow (513 products)
    âœ“ 2899 - Play Promos (11 products)
    âœ“ 2891 - Art Series: Innistrad: Midnight Hunt (162 products)
    âœ“ 2893 - Commander: Innistrad: Midnight Hunt (205 products)
    âœ“ 2864 - Innistrad: Midnight Hunt (495 products)
    âœ“ 2892 - Promo Pack: Innistrad: Midnight Hunt (75 products)
    âœ“ 2902 - AFR Ampersand Promos (80 products)
    âœ“ 2823 - Adventures in the Forgotten Realms (489 products)
    âœ“ 2869 - Art Series: Adventures in the Forgotten Realms (162 products)
    âœ“ 2870 - Commander: Adventures in the Forgotten Realms (354 products)
    âœ“ 2868 - Promo Pack: Adventures in the Forgotten Realms (88 products)
    âœ“ 2822 - Art Series: Modern Horizons 2 (162 products)
    âœ“ 2809 - Modern Horizons 2 (712 products)
    âœ“ 2806 - Art Series: Strixhaven (162 products)
    âœ“ 2801 - Commander 2021 (446 products)
    âœ“ 2802 - Promo Pack: Strixhaven (81 products)
    âœ“ 2773 - Strixhaven: School of Mages (444 products)
    âœ“ 2791 - Strixhaven: Mystical Archives (252 products)
    âœ“ 2772 - Time Spiral: Remastered (429 products)
    âœ“ 2766 - Commander: Kaldheim (132 products)
    âœ“ 2750 - Kaldheim (518 products)
    âœ“ 2771 - Art Series: Kaldheim (162 products)
    âœ“ 2770 - Promo Pack: Kaldheim (83 products)
    âœ“ 2699 - Commander Collection: Green (10 products)
    âœ“ 2708 - Commander Legends (794 products)
    âœ“ 2714 - Art Series: Zendikar Rising (162 products)
    âœ“ 2716 - Commander: Zendikar Rising (153 products)
    âœ“ 2717 - Promo Pack: Zendikar Rising (82 products)
    âœ“ 2648 - Zendikar Rising (470 products)
    âœ“ 2713 - Zendikar Rising Expeditions (31 products)
    âœ“ 2715 - The List Reprints (5058 products)
    âœ“ 2712 - Magic: The Gathering Apparel (1 products)
    âœ“ 2655 - Double Masters (509 products)
    âœ“ 2654 - Jumpstart (545 products)
    âœ“ 3176 - Arena Starter Kit (7 products)
    âœ“ 2653 - Core Set 2021 (476 products)
    âœ“ 2665 - Promo Pack: Core Set 2021 (91 products)
    âœ“ 2633 - Signature Spellbook: Chandra (9 products)
    âœ“ 2632 - Secret Lair Series (19 products)
    âœ“ 2603 - Ikoria: Lair of Behemoths (437 products)
    âœ“ 2643 - Promo Pack: Ikoria (89 products)
    âœ“ 2634 - Commander 2020 (347 products)
    âœ“ 2571 - Mystery Booster: Retail Exclusives (2 products)
    âœ“ 2598 - Unsanctioned (101 products)
    âœ“ 2568 - Theros Beyond Death (409 products)
    âœ“ 2599 - Promo Pack: Theros Beyond Death (111 products)
    âœ“ 2576 - Secret Lair Drop Series (3667 products)
    âœ“ 2562 - Magic Game Night 2019 (71 products)
    âœ“ 2572 - Mystery Booster Cards (undefined products)
    âœ“ 2570 - Mystery Booster: Convention Edition Exclusives (250 products)
    âœ“ 2552 - Ponies: The Galloping (4 products)
    âœ“ 2494 - Throne of Eldraine (487 products)
    âœ“ 2543 - Promo Pack: Throne of Eldraine (138 products)
    âœ“ 2481 - Commander 2019 (328 products)
    âœ“ 2441 - Core Set 2020 (376 products)
    âœ“ 2477 - Promo Pack: Core Set 2020 (199 products)
    âœ“ 2447 - Signature Spellbook: Gideon (9 products)
    âœ“ 2463 - Art Series: Modern Horizons (54 products)
    âœ“ 2422 - Modern Horizons (448 products)
    âœ“ 2546 - Planeswalker Event Promos (42 products)
    âœ“ 2418 - War of the Spark (346 products)
    âœ“ 2444 - Mythic Edition: War of the Spark (12 products)
    âœ“ 2388 - Ravnica Allegiance: Guild Kits (147 products)
    âœ“ 2366 - Ravnica Allegiance (307 products)
    âœ“ 2386 - Mythic Edition: Ravnica Allegiance (14 products)
    âœ“ 2360 - Ultimate Masters (274 products)
    âœ“ 2361 - Ultimate Masters: Box Toppers (40 products)
    âœ“ 2376 - MagicFest Cards (33 products)
    âœ“ 2359 - Magic Game Night (69 products)
    âœ“ 2334 - Guilds of Ravnica: Guild Kits (143 products)
    âœ“ 2290 - Guilds of Ravnica (301 products)
    âœ“ 2307 - Spellslinger Starter Kit (2 products)
    âœ“ 2326 - Mythic Edition: Guilds of Ravnica (17 products)
    âœ“ 2251 - Commander 2018 (336 products)
    âœ“ 2250 - Core Set 2019 (349 products)
    âœ“ 2247 - Global Series Jiang Yanggu & Mu Yanling (42 products)
    âœ“ 2220 - Signature Spellbook: Jace (9 products)
    âœ“ 2245 - Battlebond (268 products)
    âœ“ 2246 - Commander Anthology Volume II (332 products)
    âœ“ 2199 - Dominaria (310 products)
    âœ“ 2203 - Challenger Decks (42 products)
    âœ“ 2207 - Duel Decks: Elves vs. Inventors (81 products)
    âœ“ 2189 - Masters 25 (269 products)
    âœ“ 2098 - Rivals of Ixalan (220 products)
    âœ“ 2092 - Unstable (292 products)
    âœ“ 2077 - Explorers of Ixalan (50 products)
    âœ“ 2078 - From the Vault: Transform (16 products)
    âœ“ 2050 - Iconic Masters (259 products)
    âœ“ 2076 - Duel Decks: Merfolk vs. Goblins (67 products)
    âœ“ 2084 - Gift Boxes and Promos (25 products)
    âœ“ 2087 - League Promos (19 products)
    âœ“ 2043 - Ixalan (313 products)
    âœ“ 2067 - Standard Showdown Promos (40 products)
    âœ“ 2009 - Commander 2017 (326 products)
    âœ“ 1934 - Hour of Devastation (254 products)
    âœ“ 1904 - Archenemy: Nicol Bolas (111 products)
    âœ“ 1933 - Commander Anthology (341 products)
    âœ“ 1882 - Amonkhet (342 products)
    âœ“ 1909 - Masterpiece Series: Amonkhet Invocations (54 products)
    âœ“ 2045 - Open House Promos (11 products)
    âœ“ 1930 - Welcome Deck 2017 (31 products)
    âœ“ 1905 - Duel Decks: Mind vs. Might (73 products)
    âœ“ 1879 - Modern Masters 2017 (273 products)
    âœ“ 1857 - Aether Revolt (207 products)
    âœ“ 1793 - Planechase Anthology (171 products)
    âœ“ 1792 - Commander 2016 (375 products)
    âœ“ 1791 - Kaladesh (300 products)
    âœ“ 1837 - Masterpiece Series: Kaladesh Inventions (54 products)
    âœ“ 1835 - Duel Decks: Nissa vs. Ob Nixilis (77 products)
    âœ“ 1794 - Conspiracy: Take the Crown (237 products)
    âœ“ 1821 - From the Vault: Lore (17 products)
    âœ“ 1832 - WMCQ Promo Cards (6 products)
    âœ“ 1790 - Eldritch Moon (228 products)
    âœ“ 1740 - Eternal Masters (268 products)
    âœ“ 1708 - Shadows over Innistrad (346 products)
    âœ“ 1765 - Welcome Deck 2016 (16 products)
    âœ“ 1726 - Duel Decks: Blessed vs. Cursed (81 products)
    âœ“ 1693 - Oath of the Gatewatch (208 products)
    âœ“ 1673 - Commander 2015 (374 products)
    âœ“ 1645 - Battle for Zendikar (325 products)
    âœ“ 1649 - Zendikar Expeditions (45 products)
    âœ“ 1641 - Duel Decks: Zendikar vs. Eldrazi (81 products)
    âœ“ 1577 - From the Vault: Angels (16 products)
    âœ“ 1512 - Magic Origins (323 products)
    âœ“ 1503 - Modern Masters 2015 (268 products)
    âœ“ 1515 - Dragons of Tarkir (289 products)
    âœ“ 1520 - Tarkir Dragonfury Promos (4 products)
    âœ“ 1511 - Duel Decks: Elspeth vs. Kiora (68 products)
    âœ“ 1497 - Fate Reforged (207 products)
    âœ“ 1507 - Ugin's Fate Promos (27 products)
    âœ“ 1490 - Duel Decks: Anthology (261 products)
    âœ“ 1476 - Commander 2014 (367 products)
    âœ“ 1356 - Khans of Tarkir (300 products)
    âœ“ 1477 - Duel Decks: Speed vs. Cunning (83 products)
    âœ“ 1475 - From the Vault: Annihilation (16 products)
    âœ“ 1293 - Magic 2015 (M15) (317 products)
    âœ“ 1312 - Conspiracy (222 products)
    âœ“ 1346 - Magic Modern Event Deck (30 products)
    âœ“ 1277 - Journey Into Nyx (191 products)
    âœ“ 1166 - Duel Decks: Jace vs. Vraska (90 products)
    âœ“ 1276 - Born of the Gods (196 products)
    âœ“ 1164 - Commander 2013 (362 products)
    âœ“ 1144 - Theros (278 products)
    âœ“ 1524 - Hero's Path Promos (66 products)
    âœ“ 1145 - Duel Decks: Heroes vs. Monsters (84 products)
    âœ“ 1141 - From the Vault: Twenty (21 products)
    âœ“ 1113 - Magic 2014 (M14) (277 products)
    âœ“ 1111 - Modern Masters (247 products)
    âœ“ 570 - Dragon's Maze (179 products)
    âœ“ 601 - Duel Decks: Sorin vs. Tibalt (82 products)
    âœ“ 569 - Gatecrash (276 products)
    âœ“ 568 - Commander's Arsenal (19 products)
    âœ“ 370 - Return to Ravnica (307 products)
    âœ“ 365 - Duel Decks: Izzet vs. Golgari (92 products)
    âœ“ 368 - From the Vault: Realms (16 products)
    âœ“ 364 - Magic 2013 (M13) (277 products)
    âœ“ 363 - Planechase 2012 (161 products)
    âœ“ 362 - Avacyn Restored (266 products)
    âœ“ 367 - Duel Decks: Venser vs. Koth (80 products)
    âœ“ 125 - Dark Ascension (175 products)
    âœ“ 90 - Premium Deck Series: Graveborn (31 products)
    âœ“ 59 - Innistrad (291 products)
    âœ“ 30 - Duel Decks: Ajani vs. Nicol Bolas (83 products)
    âœ“ 49 - From the Vault: Legends (16 products)
    âœ“ 70 - Magic 2012 (M12) (268 products)
    âœ“ 25 - Commander (324 products)
    âœ“ 79 - New Phyrexia (193 products)
    âœ“ 36 - Duel Decks: Knights vs. Dragons (83 products)
    âœ“ 76 - Mirrodin Besieged (176 products)
    âœ“ 2988 - Magic Encyclopedia 2011 (Salvat) (224 products)
    âœ“ 89 - Premium Deck Series: Fire and Lightning (35 products)
    âœ“ 100 - Scars of Mirrodin (269 products)
    âœ“ 32 - Duel Decks: Elspeth vs. Tezzeret (80 products)
    âœ“ 50 - From the Vault: Relics (16 products)
    âœ“ 69 - Magic 2011 (M11) (269 products)
    âœ“ 12 - Archenemy (154 products)
    âœ“ 98 - Rise of the Eldrazi (266 products)
    âœ“ 37 - Duel Decks: Phyrexia vs. the Coalition (75 products)
    âœ“ 122 - Worldwake (159 products)
    âœ“ 91 - Premium Deck Series: Slivers (42 products)
    âœ“ 34 - Duel Decks: Garruk vs. Liliana (67 products)
    âœ“ 124 - Zendikar (291 products)
    âœ“ 84 - Planechase (174 products)
    âœ“ 48 - From the Vault: Exiled (16 products)
    âœ“ 2156 - Buy-A-Box Promos (90 products)
    âœ“ 68 - Magic 2010 (M10) (269 products)
    âœ“ 1274 - Duels of the Planeswalkers (129 products)
    âœ“ 5 - Alara Reborn (157 products)
    âœ“ 31 - Duel Decks: Divine vs. Demonic (66 products)
    âœ“ 26 - Conflux (156 products)
    âœ“ 35 - Duel Decks: Jace vs. Chandra (67 products)
    âœ“ 103 - Shards of Alara (271 products)
    âœ“ 47 - From the Vault: Dragons (16 products)
    âœ“ 39 - Eventide (196 products)
    âœ“ 102 - Shadowmoor (323 products)
    âœ“ 77 - Morningtide (160 products)
    âœ“ 53 - WPN & Gateway Promos (119 products)
    âœ“ 33 - Duel Decks: Elves vs. Goblins (66 products)
    âœ“ 67 - Lorwyn (322 products)
    âœ“ 52 - Game Day & Store Championship Promos (163 products)
    âœ“ 1 - 10th Edition (398 products)
    âœ“ 51 - Future Sight (188 products)
    âœ“ 54 - Grand Prix Promos (20 products)
    âœ“ 83 - Planar Chaos (172 products)
    âœ“ 104 - Special Occasion (29 products)
    âœ“ 93 - Pro Tour Promos (26 products)
    âœ“ 110 - Time Spiral (310 products)
    âœ“ 111 - Timeshifted (121 products)
    âœ“ 24 - Coldsnap (162 products)
    âœ“ 1348 - Coldsnap Theme Deck Reprints (62 products)
    âœ“ 28 - Dissension (186 products)
    âœ“ 21 - Champs Promos (12 products)
    âœ“ 55 - Guildpact (171 products)
    âœ“ 369 - Magic Premiere Shop (50 products)
    âœ“ 95 - Ravnica: City of Guilds (316 products)
    âœ“ 2989 - Magic Encyclopedia 2005 (Salvat/Hachette) (1674 products)
    âœ“ 4 - 9th Edition (368 products)
    âœ“ 99 - Saviors of Kamigawa (172 products)
    âœ“ 18 - Betrayers of Kamigawa (172 products)
    âœ“ 114 - Unhinged (162 products)
    âœ“ 20 - Champions of Kamigawa (315 products)
    âœ“ 43 - Fifth Dawn (172 products)
    âœ“ 27 - Darksteel (172 products)
    âœ“ 75 - Mirrodin (315 products)
    âœ“ 1874 - Launch Party & Release Event Promos (121 products)
    âœ“ 101 - Scourge (150 products)
    âœ“ 3 - 8th Edition (368 products)
    âœ“ 66 - Legions (152 products)
    âœ“ 81 - Onslaught (360 products)
    âœ“ 63 - Judgment (150 products)
    âœ“ 112 - Torment (150 products)
    âœ“ 82 - Oversize Cards (487 products)
    âœ“ 2351 - JingHe Age Token Cards (12 products)
    âœ“ 1311 - Deckmasters Garfield vs Finkel (57 products)
    âœ“ 80 - Odyssey (359 products)
    âœ“ 10 - Apocalypse (150 products)
    âœ“ 71 - Magic Player Rewards (77 products)
    âœ“ 2 - 7th Edition (358 products)
    âœ“ 85 - Planeshift (153 products)
    âœ“ 60 - Invasion (359 products)
    âœ“ 16 - Beatdown Box Set (91 products)
    âœ“ 94 - Prophecy (150 products)
    âœ“ 106 - Starter 2000 (21 products)
    âœ“ 78 - Nemesis (150 products)
    âœ“ 38 - European Lands (15 products)
    âœ“ 45 - FNM Promos (234 products)
    âœ“ 15 - Battle Royale Box Set (137 products)
    âœ“ 73 - Mercadian Masques (359 products)
    âœ“ 56 - Guru Lands (5 products)
    âœ“ 1163 - Unique and Miscellaneous Promos (293 products)
    âœ“ 116 - Urza's Destiny (149 products)
    âœ“ 62 - Judge Promos (178 products)
    âœ“ 61 - Junior Series Promos (42 products)
    âœ“ 88 - Portal Three Kingdoms (187 products)
    âœ“ 23 - Classic Sixth Edition (353 products)
    âœ“ 105 - Starter 1999 (181 products)
    âœ“ 117 - Urza's Legacy (149 products)
    âœ“ 72 - Media Promos (244 products)
    âœ“ 1275 - Anthologies (86 products)
    âœ“ 118 - Urza's Saga (359 products)
    âœ“ 9 - APAC Lands (15 products)
    âœ“ 113 - Unglued (96 products)
    âœ“ 40 - Exodus (149 products)
    âœ“ 87 - Portal Second Age (174 products)
    âœ“ 107 - Stronghold (149 products)
    âœ“ 108 - Tempest (358 products)
    âœ“ 2198 - World Championship Decks (1377 products)
    âœ“ 121 - Weatherlight (169 products)
    âœ“ 86 - Portal (261 products)
    âœ“ 119 - Vanguard (32 products)
    âœ“ 14 - Astral (undefined products)
    âœ“ 44 - Fifth Edition (452 products)
    âœ“ 120 - Visions (169 products)
    âœ“ 2742 - Introductory Two-Player Set (68 products)
    âœ“ 19 - Box Sets (1 products)
    âœ“ 74 - Mirage (354 products)
    âœ“ 13 - Arena Promos (86 products)
    âœ“ 6 - Alliances (201 products)
    âœ“ 2778 - Rivals Quick Start Set (1 products)
    âœ“ 57 - Homelands (142 products)
    âœ“ 2379 - Renaissance (317 products)
    âœ“ 58 - Ice Age (387 products)
    âœ“ 46 - Fourth Edition (381 products)
    âœ“ 22 - Chronicles (127 products)
    âœ“ 1688 - Fourth Edition (Foreign Black Border) (376 products)
    âœ“ 1687 - Fourth Edition (Foreign White Border) (376 products)
    âœ“ 41 - Fallen Empires (189 products)
    âœ“ 109 - The Dark (121 products)
    âœ“ 65 - Legends (309 products)
    âœ“ 2642 - Summer Magic (305 products)
    âœ“ 97 - Revised Edition (309 products)
    âœ“ 1689 - Revised Edition (Foreign Black Border) (305 products)
    âœ“ 1690 - Revised Edition (Foreign White Border) (305 products)
    âœ“ 8 - Antiquities (102 products)
    âœ“ 11 - Arabian Nights (91 products)
    âœ“ 115 - Unlimited Edition (304 products)
    âœ“ 1526 - Collector's Edition (302 products)
    âœ“ 1527 - International Edition (302 products)
    âœ“ 17 - Beta Edition (304 products)
    âœ“ 7 - Alpha Edition (297 products)
    âœ“ 29 - Duel Decks (undefined products)
    âœ“ 64 - Launch Party Cards (undefined products)
    âœ“ 92 - Prerelease Cards (3926 products)
  Category 1: 359 success, 0 failed, 78 skipped

=== Category 2 ===
  Found 641 groups
    âœ“ 24486 - THE CHRONICLES DECK: Spirit Charmers (All-Foil Edition) (undefined products)
    âœ“ 24475 - Phantom Revenge (2 products)
    âœ“ 24396 - Legendary 5D's Decks (122 products)
    âœ“ 24392 - THE CHRONICLES DECK: The Fallen & The Virtuous (All-Foil Edition) (64 products)
    âœ“ 24358 - OTS Tournament Pack 29 (27 products)
    âœ“ 24506 - Legendary Collection Kaiba (2020 Date Reprint) (121 products)
    âœ“ 24460 - eFootball Collaboration Promos (2 products)
    âœ“ 24357 - Doom of Dimensions (134 products)
    âœ“ 24308 - 2025 Mega-Pack (455 products)
    âœ“ 24353 - Limited Pack World Championship 2025 (84 products)
    âœ“ 24352 - Retro Pack 2 (2020 Date Reprint) (104 products)
    âœ“ 24320 - Justice Hunters (106 products)
    âœ“ 24265 - Duelist's Advance (133 products)
    âœ“ 24264 - OTS Tournament Pack 28 (27 products)
    âœ“ 24263 - Battles of Legend: Monster Mayhem (205 products)
    âœ“ 24351 - Yu-Gi-Oh! Championship Series 2025 Prize Cards (12 products)
    âœ“ 23995 - Alliance Insight (134 products)
    âœ“ 23891 - Quarter Century Stampede (989 products)
    âœ“ 23849 - Maze of the Master (130 products)
    âœ“ 24250 - Early Days Collection Promotional Cards (2 products)
    âœ“ 23786 - OTS Tournament Pack 27 (27 products)
    âœ“ 23768 - Structure Deck: Blue-Eyes White Destiny (86 products)
    âœ“ 23758 - Supreme Darkness (135 products)
    âœ“ 23652 - Speed Duel: Battle City Finals (251 products)
    âœ“ 23653 - Crossover Breakers (107 products)
    âœ“ 23656 - Quarter Century Bonanza (970 products)
    âœ“ 23657 - OTS Tournament Pack 26 (30 products)
    âœ“ 23539 - Rage of the Abyss (135 products)
    âœ“ 23481 - 25th Anniversary Tin: Dueling Mirrors (403 products)
    âœ“ 23592 - Retro Pack (2020 Date Reprint) (104 products)
    âœ“ 23579 - Light of Destruction (2020 Date Reprint) (116 products)
    âœ“ 23458 - The Infinite Forbidden (133 products)
    âœ“ 23441 - Battles of Legend: Terminal Revenge (142 products)
    âœ“ 23535 - OTS Tournament Pack 25 (27 products)
    âœ“ 24012 - Structure Deck: Realm of Light (2020 Date Reprint) (37 products)
    âœ“ 23416 - 25th Anniversary Rarity Collection II (570 products)
    âœ“ 23383 - Legacy of Destruction (134 products)
    âœ“ 23484 - Speed Duel: Tournament Pack 7 (35 products)
    âœ“ 23366 - 25th Anniversary Ultimate Kaiba Set (64 products)
    âœ“ 23355 - Speed Duel GX: Midterm Destruction (134 products)
    âœ“ 23469 - Legendary Decks II (2024 Reprint) (136 products)
    âœ“ 23314 - Battles of Legend: Chapter 1 (202 products)
    âœ“ 23427 - OTS Tournament Pack 24 (27 products)
    âœ“ 23321 - Phantom Nightmare (129 products)
    âœ“ 23269 - 2-Player Starter Set (90 products)
    âœ“ 23315 - Maze of Millennia (104 products)
    âœ“ 23310 - Structure Deck: Fire Kings (50 products)
    âœ“ 23284 - Valiant Smashers (80 products)
    âœ“ 23233 - 25th Anniversary Rarity Collection (571 products)
    âœ“ 23334 - OTS Tournament Pack 23 (27 products)
    âœ“ 23231 - Age of Overlord (129 products)
    âœ“ 23207 - Structure Deck: The Crimson King (52 products)
    âœ“ 23110 - 25th Anniversary Tin: Dueling Heroes (19 products)
    âœ“ 23291 - 25th Anniversary Tin: Dueling Heroes Mega Pack (283 products)
    âœ“ 23292 - Speed Duel: Tournament Pack 6 (36 products)
    âœ“ 23068 - The Pot Collection (16 products)
    âœ“ 23073 - Speed Duel: Streets of Battle City (238 products)
    âœ“ 23111 - Legendary Duelists: Soulburning Volcano (64 products)
    âœ“ 23086 - Duelist Nexus (127 products)
    âœ“ 23260 - OTS Tournament Pack 22 (27 products)
    âœ“ 23031 - Battles of Legend: Monstrous Revenge (129 products)
    âœ“ 22955 - Wild Survivors (77 products)
    âœ“ 22896 - Cyberstorm Access (108 products)
    âœ“ 23055 - Dark Crisis (25th Anniversary Edition) (107 products)
    âœ“ 23056 - Invasion of Chaos (25th Anniversary Edition) (114 products)
    âœ“ 23050 - Legend of Blue Eyes White Dragon (25th Anniversary Edition) (128 products)
    âœ“ 22895 - Legendary Collection: 25th Anniversary Edition (14 products)
    âœ“ 23052 - Metal Raiders (25th Anniversary Edition) (146 products)
    âœ“ 23054 - Pharaoh's Servant (25th Anniversary Edition) (107 products)
    âœ“ 23053 - Spell Ruler (25th Anniversary Edition) (106 products)
    âœ“ 17700 - Speed Duel GX: Duelists of Shadows (244 products)
    âœ“ 17701 - Maze of Memories (84 products)
    âœ“ 23058 - Speed Duel: Tournament Pack 5 (36 products)
    âœ“ 17682 - Structure Deck: Beware of Traptrix (48 products)
    âœ“ 17680 - Photon Hypernova (108 products)
    âœ“ 22936 - OTS Tournament Pack 21 (27 products)
    âœ“ 17663 - Amazing Defenders (77 products)
    âœ“ 3156 - Structure Deck: Dark World (47 products)
    âœ“ 23648 - Structure Deck: Saga of Blue Eyes White Dragon (2020 Date Reprint) (41 products)
    âœ“ 3155 - Battles of Legend: Crystal Revenge (109 products)
    âœ“ 3154 - Magnificent Mavens (142 products)
    âœ“ 17657 - OTS Tournament Pack 20 (27 products)
    âœ“ 3111 - Darkwing Blast (109 products)
    âœ“ 3098 - Speed Duel GX: Midterm Paradox (124 products)
    âœ“ 3096 - Structure Deck: Legend of the Crystal Beasts (51 products)
    âœ“ 3180 - Speed Duel: Tournament Pack 4 (35 products)
    âœ“ 3101 - 2022 Tin of the Pharaoh's Gods (278 products)
    âœ“ 3066 - Tactical Masters (78 products)
    âœ“ 3104 - Power of the Elements (110 products)
    âœ“ 3076 - Legendary Duelists: Season 3 (201 products)
    âœ“ 3013 - Legendary Duelists: Duels From the Deep (59 products)
    âœ“ 3073 - OTS Tournament Pack 19 (29 products)
    âœ“ 3029 - Dimension Force (108 products)
    âœ“ 3011 - Ghosts From the Past: The 2nd Haunting (186 products)
    âœ“ 2961 - Structure Deck: Albaz Strike (53 products)
    âœ“ 2970 - Speed Duel GX: Duel Academy Box (243 products)
    âœ“ 3050 - Speed Duel: Tournament Pack 3 (35 products)
    âœ“ 2941 - Hidden Arsenal: Chapter 1 (320 products)
    âœ“ 3000 - OTS Tournament Pack 18 (26 products)
    âœ“ 2969 - Battle of Chaos (109 products)
    âœ“ 2964 - The Grand Creators (77 products)
    âœ“ 2896 - Maximum Gold: El Dorado (164 products)
    âœ“ 2829 - Legendary Duelists: Synchro Storm (59 products)
    âœ“ 2879 - Burst of Destiny (109 products)
    âœ“ 2934 - OTS Tournament Pack 17 (26 products)
    âœ“ 2830 - Structure Deck: Cyber Strike (51 products)
    âœ“ 2847 - 2021 Tin of Ancient Battles (261 products)
    âœ“ 2877 - Brothers of Legend (98 products)
    âœ“ 2843 - Dawn of Majesty (109 products)
    âœ“ 2808 - King's Court (85 products)
    âœ“ 24189 - King of Games: Yugi's Legendary Decks (2020 Date Reprint) (134 products)
    âœ“ 2850 - OTS Tournament Pack 16 (26 products)
    âœ“ 2810 - Egyptian God Deck: Obelisk the Tormentor (38 products)
    âœ“ 2811 - Egyptian God Deck: Slifer the Sky Dragon (43 products)
    âœ“ 2779 - Lightning Overdrive (109 products)
    âœ“ 2767 - Ancient Guardians (77 products)
    âœ“ 2752 - Ghosts From the Past (135 products)
    âœ“ 2751 - Structure Deck: Freezing Chains (48 products)
    âœ“ 2790 - OTS Tournament Pack 15 (26 products)
    âœ“ 2749 - Blazing Vortex (108 products)
    âœ“ 2743 - Legendary Duelists: Season 2 (224 products)
    âœ“ 2679 - Genesis Impact (77 products)
    âœ“ 2700 - Speed Duel: Battle City Box (245 products)
    âœ“ 2695 - Structure Deck: Spirit Charmers (52 products)
    âœ“ 2694 - Phantom Rage (110 products)
    âœ“ 2693 - Maximum Gold (174 products)
    âœ“ 2723 - OTS Tournament Pack 14 (26 products)
